Compilación iniciada a las 03/11/2015 16:06:43.
     1>Proyecto "c:\Users\geco\documents\visual studio 2013\Projects\pr8t1\pr8t1\pr8t1.vcxproj" en el nodo 2 (Build destinos).
     1>ClCompile:
         C:\Program Files (x86)\Microsoft Visual Studio 12.0\VC\bin\x86_amd64\CL.exe /c /I"C:\Program Files\NVIDIA GPU Computing Toolkit\CUDA\v7.5\include" /Zi /nologo /W3 /WX- /O2 /Oi /GL /D WIN32 /D WIN64 /D NDEBUG /D _CONSOLE /D _MBCS /Gm- /EHsc /MD /GS /Gy /Zc:wchar_t /Zc:forScope /Fo"x64\Release\\" /Fd"x64\Release\vc120.pdb" /Gd /TP /errorReport:prompt pr8t1.cpp
         pr8t1.cpp
       Link:
         C:\Program Files (x86)\Microsoft Visual Studio 12.0\VC\bin\x86_amd64\link.exe /ERRORREPORT:PROMPT /OUT:"c:\Users\geco\documents\visual studio 2013\Projects\pr8t1\x64\Release\pr8t1.exe" /NOLOGO /LIBPATH:"C:\Program Files (x86)\IntelSWTools\compilers_and_libraries_2016.0.110\windows\mkl\lib\intel64" /LIBPATH:"C:\Program Files\NVIDIA GPU Computing Toolkit\CUDA\v7.5\lib\x64" mkl_intel_lp64_dll.lib mkl_sequential_dll.lib mkl_core_dll.lib cudart.lib kernel32.lib user32.lib gdi32.lib winspool.lib comdlg32.lib advapi32.lib shell32.lib ole32.lib oleaut32.lib uuid.lib odbc32.lib odbccp32.lib mkl_core.lib mkl_sequential.lib mkl_intel_lp64.lib cublas.lib cublas_device.lib kernel32.lib user32.lib gdi32.lib winspool.lib comdlg32.lib advapi32.lib shell32.lib ole32.lib oleaut32.lib uuid.lib odbc32.lib odbccp32.lib /MANIFEST /MANIFESTUAC:"level='asInvoker' uiAccess='false'" /manifest:embed /DEBUG /PDB:"c:\Users\geco\documents\visual studio 2013\Projects\pr8t1\x64\Release\pr8t1.pdb" /SUBSYSTEM:CONSOLE /OPT:REF /OPT:ICF /LTCG /TLBID:1 /DYNAMICBASE /NXCOMPAT /IMPLIB:"c:\Users\geco\documents\visual studio 2013\Projects\pr8t1\x64\Release\pr8t1.lib" /MACHINE:X64 x64\Release\eTimer.obj
         x64\Release\pr8t1.obj
         Generando código
         Generación de código finalizada
         pr8t1.vcxproj -> c:\Users\geco\documents\visual studio 2013\Projects\pr8t1\x64\Release\pr8t1.exe
       PostBuildEvent:
         echo copy "C:\Program Files\NVIDIA GPU Computing Toolkit\CUDA\v7.5\bin\cudart*.dll" "c:\Users\geco\documents\visual studio 2013\Projects\pr8t1\x64\Release\"
         copy "C:\Program Files\NVIDIA GPU Computing Toolkit\CUDA\v7.5\bin\cudart*.dll" "c:\Users\geco\documents\visual studio 2013\Projects\pr8t1\x64\Release\"
         :VCEnd
         copy "C:\Program Files\NVIDIA GPU Computing Toolkit\CUDA\v7.5\bin\cudart*.dll" "c:\Users\geco\documents\visual studio 2013\Projects\pr8t1\x64\Release\"
         C:\Program Files\NVIDIA GPU Computing Toolkit\CUDA\v7.5\bin\cudart32_75.dll
         C:\Program Files\NVIDIA GPU Computing Toolkit\CUDA\v7.5\bin\cudart64_75.dll
                 2 archivo(s) copiado(s).
     1>Compilación del proyecto terminada "c:\Users\geco\documents\visual studio 2013\Projects\pr8t1\pr8t1\pr8t1.vcxproj" (Build destinos).

Compilación correcta.

Tiempo transcurrido 00:00:01.34
